This is pdfTeX, Version 3.1415926-2.3-1.40.12 (MiKTeX 2.9) (preloaded format=pdflatex 2015.3.25)  25 MAR 2015 01:50
entering extended mode
**D:/File/CV/zerowong.github.io/CV/CV_chn.tex
(D:/File/CV/zerowong.github.io/CV/CV_chn.tex
LaTeX2e <2011/06/27>
Babel <v3.8m> and hyphenation patterns for loaded.
(C:\CTEX\MiKTeX\tex\latex\base\article.cls
Document Class: article 2007/10/19 v1.4h Standard LaTeX document class
(C:\CTEX\MiKTeX\tex\latex\base\size10.clo
File: size10.clo 2007/10/19 v1.4h Standard LaTeX file (size option)
)
\c@part=\count79
\c@section=\count80
\c@subsection=\count81
\c@subsubsection=\count82
\c@paragraph=\count83
\c@subparagraph=\count84
\c@figure=\count85
\c@table=\count86
\abovecaptionskip=\skip41
\belowcaptionskip=\skip42
\bibindent=\dimen102
)
(C:\CTEX\MiKTeX\tex\latex\psnfss\palatino.sty
Package: palatino 2005/04/12 PSNFSS-v9.2a (SPQR) 
)
(C:\CTEX\MiKTeX\tex\latex\preprint\fullpage.sty
Package: fullpage 1999/02/23 1.1 (PWD)
\FP@margin=\skip43
)
(C:\CTEX\MiKTeX\tex\latex\cjk\CJK.sty
Package: CJK 2008/12/29 4.8.2

(C:\CTEX\MiKTeX\tex\latex\cjk\mule\MULEenc.sty
Package: MULEenc 2008/12/29 4.8.2
)
(C:\CTEX\MiKTeX\tex\latex\cjk\CJK.enc
File: CJK.enc 2008/12/29 4.8.2
)
LaTeX Info: Redefining \selectfont on input line 756.
\CJK@indent=\box26
)
(C:\CTEX\MiKTeX\tex\latex\geometry\geometry.sty
Package: geometry 2010/09/12 v5.6 Page Geometry

(C:\CTEX\MiKTeX\tex\latex\graphics\keyval.sty
Package: keyval 1999/03/16 v1.13 key=value parser (DPC)
\KV@toks@=\toks14
)
(C:\CTEX\MiKTeX\tex\generic\oberdiek\ifpdf.sty
Package: ifpdf 2011/01/30 v2.3 Provides the ifpdf switch (HO)
Package ifpdf Info: pdfTeX in PDF mode is detected.
)
(C:\CTEX\MiKTeX\tex\generic\oberdiek\ifvtex.sty
Package: ifvtex 2010/03/01 v1.5 Switches for detecting VTeX and its modes (HO)
Package ifvtex Info: VTeX not detected.
)
(C:\CTEX\MiKTeX\tex\generic\ifxetex\ifxetex.sty
Package: ifxetex 2010/09/12 v0.6 Provides ifxetex conditional
)
\Gm@cnth=\count87
\Gm@cntv=\count88
\c@Gm@tempcnt=\count89
\Gm@bindingoffset=\dimen103
\Gm@wd@mp=\dimen104
\Gm@odd@mp=\dimen105
\Gm@even@mp=\dimen106
\Gm@layoutwidth=\dimen107
\Gm@layoutheight=\dimen108
\Gm@layouthoffset=\dimen109
\Gm@layoutvoffset=\dimen110
\Gm@dimlist=\toks15

(C:\CTEX\MiKTeX\tex\latex\geometry\geometry.cfg))
(C:\CTEX\MiKTeX\tex\latex\hyperref\hyperref.sty
Package: hyperref 2012/02/06 v6.82o Hypertext links for LaTeX

(C:\CTEX\MiKTeX\tex\generic\oberdiek\hobsub-hyperref.sty
Package: hobsub-hyperref 2011/04/23 v1.4 Bundle oberdiek, subset hyperref (HO)

(C:\CTEX\MiKTeX\tex\generic\oberdiek\hobsub-generic.sty
Package: hobsub-generic 2011/04/23 v1.4 Bundle oberdiek, subset generic (HO)
Package: hobsub 2011/04/23 v1.4 Subsetting bundle oberdiek (HO)
Package: infwarerr 2010/04/08 v1.3 Providing info/warning/message (HO)
Package: ltxcmds 2011/04/18 v1.20 LaTeX kernel commands for general use (HO)
Package: ifluatex 2010/03/01 v1.3 Provides the ifluatex switch (HO)
Package ifluatex Info: LuaTeX not detected.
Package hobsub Info: Skipping package `ifvtex' (already loaded).
Package: intcalc 2007/09/27 v1.1 Expandable integer calculations (HO)
Package hobsub Info: Skipping package `ifpdf' (already loaded).
Package: etexcmds 2011/02/16 v1.5 Prefix for e-TeX command names (HO)
Package etexcmds Info: Could not find \expanded.
(etexcmds)             That can mean that you are not using pdfTeX 1.50 or
(etexcmds)             that some package has redefined \expanded.
(etexcmds)             In the latter case, load this package earlier.
Package: kvsetkeys 2011/04/07 v1.13 Key value parser (HO)
Package: kvdefinekeys 2011/04/07 v1.3 Defining keys (HO)
Package: pdftexcmds 2011/04/22 v0.16 Utilities of pdfTeX for LuaTeX (HO)
Package pdftexcmds Info: LuaTeX not detected.
Package pdftexcmds Info: \pdf@primitive is available.
Package pdftexcmds Info: \pdf@ifprimitive is available.
Package pdftexcmds Info: \pdfdraftmode found.
Package: pdfescape 2011/04/04 v1.12 Provides string conversions (HO)
Package: bigintcalc 2011/01/30 v1.2 Expandable big integer calculations (HO)
Package: bitset 2011/01/30 v1.1 Data type bit set (HO)
Package: uniquecounter 2011/01/30 v1.2 Provides unlimited unique counter (HO)
)
Package hobsub Info: Skipping package `hobsub' (already loaded).
Package: letltxmacro 2010/09/02 v1.4 Let assignment for LaTeX macros (HO)
Package: hopatch 2011/01/30 v1.0 Wrapper for package hooks (HO)
Package: xcolor-patch 2011/01/30 xcolor patch
Package: atveryend 2011/04/23 v1.7 Hooks at very end of document (HO)
Package: atbegshi 2011/01/30 v1.15 At begin shipout hook (HO)
Package: refcount 2010/12/01 v3.2 Data extraction from references (HO)
Package: hycolor 2011/01/30 v1.7 Color options of hyperref/bookmark (HO)
)
(C:\CTEX\MiKTeX\tex\latex\oberdiek\kvoptions.sty
Package: kvoptions 2010/12/23 v3.10 Keyval support for LaTeX options (HO)
)
\@linkdim=\dimen111
\Hy@linkcounter=\count90
\Hy@pagecounter=\count91

(C:\CTEX\MiKTeX\tex\latex\hyperref\pd1enc.def
File: pd1enc.def 2012/02/06 v6.82o Hyperref: PDFDocEncoding definition (HO)
)
\Hy@SavedSpaceFactor=\count92

(C:\CTEX\MiKTeX\tex\latex\00miktex\hyperref.cfg
File: hyperref.cfg 2002/06/06 v1.2 hyperref configuration of TeXLive
)
Package hyperref Info: Option `colorlinks' set `true' on input line 3925.
Package hyperref Info: Hyper figures OFF on input line 4046.
Package hyperref Info: Link nesting OFF on input line 4051.
Package hyperref Info: Hyper index ON on input line 4054.
Package hyperref Info: Plain pages OFF on input line 4061.
Package hyperref Info: Backreferencing OFF on input line 4066.
Package hyperref Info: Implicit mode ON; LaTeX internals redefined.
Package hyperref Info: Bookmarks ON on input line 4284.
\c@Hy@tempcnt=\count93

(C:\CTEX\MiKTeX\tex\latex\ltxmisc\url.sty
\Urlmuskip=\muskip10
Package: url 2006/04/12  ver 3.3  Verb mode for urls, etc.
)
LaTeX Info: Redefining \url on input line 4637.
\Fld@menulength=\count94
\Field@Width=\dimen112
\Fld@charsize=\dimen113
Package hyperref Info: Hyper figures OFF on input line 5757.
Package hyperref Info: Link nesting OFF on input line 5762.
Package hyperref Info: Hyper index ON on input line 5765.
Package hyperref Info: backreferencing OFF on input line 5772.
Package hyperref Info: Link coloring ON on input line 5775.
Package hyperref Info: Link coloring with OCG OFF on input line 5782.
Package hyperref Info: PDF/A mode OFF on input line 5787.
LaTeX Info: Redefining \ref on input line 5827.
LaTeX Info: Redefining \pageref on input line 5831.
\Hy@abspage=\count95
\c@Item=\count96
\c@Hfootnote=\count97
)

Package hyperref Message: Driver (autodetected): hpdftex.

(C:\CTEX\MiKTeX\tex\latex\hyperref\hpdftex.def
File: hpdftex.def 2012/02/06 v6.82o Hyperref driver for pdfTeX
\Fld@listcount=\count98
\c@bookmark@seq@number=\count99

(C:\CTEX\MiKTeX\tex\latex\oberdiek\rerunfilecheck.sty
Package: rerunfilecheck 2011/04/15 v1.7 Rerun checks for auxiliary files (HO)
Package uniquecounter Info: New unique counter `rerunfilecheck' on input line 2
82.
)
\Hy@SectionHShift=\skip44
)
(D:\File\CV\zerowong.github.io\CV\CV_chn.aux)
LaTeX Font Info:    Checking defaults for OML/cmm/m/it on input line 72.
LaTeX Font Info:    ... okay on input line 72.
LaTeX Font Info:    Checking defaults for T1/cmr/m/n on input line 72.
LaTeX Font Info:    ... okay on input line 72.
LaTeX Font Info:    Checking defaults for OT1/cmr/m/n on input line 72.
LaTeX Font Info:    ... okay on input line 72.
LaTeX Font Info:    Checking defaults for OMS/cmsy/m/n on input line 72.
LaTeX Font Info:    ... okay on input line 72.
LaTeX Font Info:    Checking defaults for OMX/cmex/m/n on input line 72.
LaTeX Font Info:    ... okay on input line 72.
LaTeX Font Info:    Checking defaults for U/cmr/m/n on input line 72.
LaTeX Font Info:    ... okay on input line 72.
LaTeX Font Info:    Checking defaults for C00/song/m/n on input line 72.
LaTeX Font Info:    ... okay on input line 72.
LaTeX Font Info:    Checking defaults for C05/song/m/n on input line 72.
LaTeX Font Info:    ... okay on input line 72.
LaTeX Font Info:    Checking defaults for C09/song/m/n on input line 72.
LaTeX Font Info:    ... okay on input line 72.
LaTeX Font Info:    Checking defaults for C10/song/m/n on input line 72.
LaTeX Font Info:    ... okay on input line 72.
LaTeX Font Info:    Checking defaults for C20/song/m/n on input line 72.
LaTeX Font Info:    ... okay on input line 72.
LaTeX Font Info:    Checking defaults for C19/song/m/n on input line 72.
LaTeX Font Info:    ... okay on input line 72.
LaTeX Font Info:    Checking defaults for C40/song/m/n on input line 72.
LaTeX Font Info:    ... okay on input line 72.
LaTeX Font Info:    Checking defaults for C42/song/m/n on input line 72.
LaTeX Font Info:    ... okay on input line 72.
LaTeX Font Info:    Checking defaults for C43/song/m/n on input line 72.
LaTeX Font Info:    ... okay on input line 72.
LaTeX Font Info:    Checking defaults for C50/song/m/n on input line 72.
LaTeX Font Info:    ... okay on input line 72.
LaTeX Font Info:    Checking defaults for C52/song/m/n on input line 72.
LaTeX Font Info:    ... okay on input line 72.
LaTeX Font Info:    Checking defaults for C49/song/m/n on input line 72.
LaTeX Font Info:    ... okay on input line 72.
LaTeX Font Info:    Checking defaults for C60/mj/m/n on input line 72.
LaTeX Font Info:    ... okay on input line 72.
LaTeX Font Info:    Checking defaults for C61/mj/m/n on input line 72.
LaTeX Font Info:    ... okay on input line 72.
LaTeX Font Info:    Checking defaults for C63/mj/m/n on input line 72.
LaTeX Font Info:    ... okay on input line 72.
LaTeX Font Info:    Checking defaults for C64/mj/m/n on input line 72.
LaTeX Font Info:    ... okay on input line 72.
LaTeX Font Info:    Checking defaults for C65/mj/m/n on input line 72.
LaTeX Font Info:    ... okay on input line 72.
LaTeX Font Info:    Checking defaults for C70/song/m/n on input line 72.
LaTeX Font Info:    ... okay on input line 72.
LaTeX Font Info:    Checking defaults for C31/song/m/n on input line 72.
LaTeX Font Info:    ... okay on input line 72.
LaTeX Font Info:    Checking defaults for C32/song/m/n on input line 72.
LaTeX Font Info:    ... okay on input line 72.
LaTeX Font Info:    Checking defaults for C33/song/m/n on input line 72.
LaTeX Font Info:    ... okay on input line 72.
LaTeX Font Info:    Checking defaults for C34/song/m/n on input line 72.
LaTeX Font Info:    ... okay on input line 72.
LaTeX Font Info:    Checking defaults for C35/song/m/n on input line 72.
LaTeX Font Info:    ... okay on input line 72.
LaTeX Font Info:    Checking defaults for C36/song/m/n on input line 72.
LaTeX Font Info:    ... okay on input line 72.
LaTeX Font Info:    Checking defaults for C37/song/m/n on input line 72.
LaTeX Font Info:    ... okay on input line 72.
LaTeX Font Info:    Checking defaults for C80/song/m/n on input line 72.
LaTeX Font Info:    ... okay on input line 72.
LaTeX Font Info:    Checking defaults for C81/song/m/n on input line 72.
LaTeX Font Info:    ... okay on input line 72.
LaTeX Font Info:    Checking defaults for C01/song/m/n on input line 72.
LaTeX Font Info:    ... okay on input line 72.
LaTeX Font Info:    Checking defaults for C11/song/m/n on input line 72.
LaTeX Font Info:    ... okay on input line 72.
LaTeX Font Info:    Checking defaults for C21/song/m/n on input line 72.
LaTeX Font Info:    ... okay on input line 72.
LaTeX Font Info:    Checking defaults for C41/song/m/n on input line 72.
LaTeX Font Info:    ... okay on input line 72.
LaTeX Font Info:    Checking defaults for C62/song/m/n on input line 72.
LaTeX Font Info:    ... okay on input line 72.
LaTeX Font Info:    Checking defaults for PD1/pdf/m/n on input line 72.
LaTeX Font Info:    ... okay on input line 72.
LaTeX Font Info:    Try loading font information for OT1+ppl on input line 72.

(C:\CTEX\MiKTeX\tex\latex\psnfss\ot1ppl.fd
File: ot1ppl.fd 2001/06/04 font definitions for OT1/ppl.
)
*geometry* driver: auto-detecting
*geometry* detected driver: pdftex
*geometry* verbose mode - [ preamble ] result:
* driver: pdftex
* paper: a4paper
* layout: <same size as paper>
* layoutoffset:(h,v)=(0.0pt,0.0pt)
* modes: 
* h-part:(L,W,R)=(89.62709pt, 418.25368pt, 89.6271pt)
* v-part:(T,H,B)=(101.40665pt, 591.5302pt, 152.11pt)
* \paperwidth=597.50787pt
* \paperheight=845.04684pt
* \textwidth=433.62pt
* \textheight=668.4975pt
* \oddsidemargin=18.06749pt
* \evensidemargin=17.3571pt
* \topmargin=0.0pt
* \headheight=0.0pt
* \headsep=0.0pt
* \topskip=10.0pt
* \footskip=30.0pt
* \marginparwidth=57.0pt
* \marginparsep=11.0pt
* \columnsep=10.0pt
* \skip\footins=9.0pt plus 4.0pt minus 2.0pt
* \hoffset=0.0pt
* \voffset=0.0pt
* \mag=1000
* \@twocolumnfalse
* \@twosidefalse
* \@mparswitchfalse
* \@reversemarginfalse
* (1in=72.27pt=25.4mm, 1cm=28.453pt)

\AtBeginShipoutBox=\box27
(C:\CTEX\MiKTeX\tex\latex\graphics\color.sty
Package: color 2005/11/14 v1.0j Standard LaTeX Color (DPC)

(C:\CTEX\MiKTeX\tex\latex\00miktex\color.cfg
File: color.cfg 2007/01/18 v1.5 color configuration of teTeX/TeXLive
)
Package color Info: Driver file: pdftex.def on input line 130.

(C:\CTEX\MiKTeX\tex\latex\pdftex-def\pdftex.def
File: pdftex.def 2011/05/27 v0.06d Graphics/color for pdfTeX
\Gread@gobject=\count100

(C:\CTEX\MiKTeX\tex\context\base\supp-pdf.mkii
[Loading MPS to PDF converter (version 2006.09.02).]
\scratchcounter=\count101
\scratchdimen=\dimen114
\scratchbox=\box28
\nofMPsegments=\count102
\nofMParguments=\count103
\everyMPshowfont=\toks16
\MPscratchCnt=\count104
\MPscratchDim=\dimen115
\MPnumerator=\count105
\makeMPintoPDFobject=\count106
\everyMPtoPDFconversion=\toks17
)))
Package hyperref Info: Link coloring ON on input line 72.
 (C:\CTEX\MiKTeX\tex\latex\hyperref\nameref.sty
Package: nameref 2010/04/30 v2.40 Cross-referencing by name of section

(C:\CTEX\MiKTeX\tex\generic\oberdiek\gettitlestring.sty
Package: gettitlestring 2010/12/03 v1.4 Cleanup title references (HO)
)
\c@section@level=\count107
)
LaTeX Info: Redefining \ref on input line 72.
LaTeX Info: Redefining \pageref on input line 72.
LaTeX Info: Redefining \nameref on input line 72.

(D:\File\CV\zerowong.github.io\CV\CV_chn.out)
(D:\File\CV\zerowong.github.io\CV\CV_chn.out)
\@outlinefile=\write3

(C:\CTEX\MiKTeX\tex\latex\cjk\UTF8\UTF8.bdg
File: UTF8.bdg 2008/12/29 4.8.2
)
(C:\CTEX\MiKTeX\tex\latex\cjk\UTF8\UTF8.enc
File: UTF8.enc 2008/12/29 4.8.2
)
(C:\CTEX\MiKTeX\tex\latex\cjk\UTF8\UTF8.chr
File: UTF8.chr 2008/12/29 4.8.2
)
LaTeX Font Info:    Try loading font information for C70+gbsn on input line 74.


(C:\CTEX\MiKTeX\tex\latex\cjk\UTF8\c70gbsn.fd
File: c70gbsn.fd 2008/12/29 4.8.2
)
(C:\CTEX\MiKTeX\tex\latex\cjk\UTF8\c70gbsn.fdx
File: c70gbsn.fdx 2008/12/29 4.8.2
)

LaTeX Font Warning: Font shape `C70/gbsn/m/sc' undefined
(Font)              using `C70/gbsn/m/n' instead on input line 74.

LaTeX Font Info:    Font shape `OT1/ppl/bx/n' in size <10> not available
(Font)              Font shape `OT1/ppl/b/n' tried instead on input line 84.

LaTeX Font Warning: Font shape `C70/gbsn/m/it' undefined
(Font)              using `C70/gbsn/m/n' instead on input line 84.

LaTeX Font Info:    Try loading font information for OMS+ppl on input line 132.

(C:\CTEX\MiKTeX\tex\latex\psnfss\omsppl.fd
File: omsppl.fd 
)
LaTeX Font Info:    Font shape `OMS/ppl/m/n' in size <10> not available
(Font)              Font shape `OMS/cmsy/m/n' tried instead on input line 132.
Package atveryend Info: Empty hook `BeforeClearDocument' on input line 223.
 [1

{C:/CTEX/UserData/pdftex/config/pdftex.map{Unicode.sfd}{UGBK.sfd}}]
Package atveryend Info: Empty hook `AfterLastShipout' on input line 223.
 (D:\File\CV\zerowong.github.io\CV\CV_chn.aux)
Package atveryend Info: Executing hook `AtVeryEndDocument' on input line 223.
Package atveryend Info: Executing hook `AtEndAfterFileList' on input line 223.
Package rerunfilecheck Info: File `CV_chn.out' has not changed.
(rerunfilecheck)             Checksum: D41D8CD98F00B204E9800998ECF8427E;0.


LaTeX Font Warning: Some font shapes were not available, defaults substituted.

 ) 
Here is how much of TeX's memory you used:
 6458 strings out of 495354
 91464 string characters out of 3183859
 188341 words of memory out of 3000000
 9527 multiletter control sequences out of 15000+200000
 25934 words of font info for 85 fonts, out of 3000000 for 9000
 14 hyphenation exceptions out of 8191
 29i,5n,27p,280b,369s stack positions out of 5000i,500n,10000p,200000b,50000s
{C:/CTEX/MiKTeX/fonts/enc/dvips/fontname/8r.enc}<C:/CTEX/MiKTeX/fonts/type1/p
ublic/amsfonts/cm/cmsy10.pfb><C:/CTEX/MiKTeX/fonts/type1/arphic/gbsnu/gbsnu30.p
fb><C:/CTEX/MiKTeX/fonts/type1/arphic/gbsnu/gbsnu4e.pfb><C:/CTEX/MiKTeX/fonts/t
ype1/arphic/gbsnu/gbsnu4f.pfb><C:/CTEX/MiKTeX/fonts/type1/arphic/gbsnu/gbsnu51.
pfb><C:/CTEX/MiKTeX/fonts/type1/arphic/gbsnu/gbsnu52.pfb><C:/CTEX/MiKTeX/fonts/
type1/arphic/gbsnu/gbsnu53.pfb><C:/CTEX/MiKTeX/fonts/type1/arphic/gbsnu/gbsnu54
.pfb><C:/CTEX/MiKTeX/fonts/type1/arphic/gbsnu/gbsnu56.pfb><C:/CTEX/MiKTeX/fonts
/type1/arphic/gbsnu/gbsnu57.pfb><C:/CTEX/MiKTeX/fonts/type1/arphic/gbsnu/gbsnu5
8.pfb><C:/CTEX/MiKTeX/fonts/type1/arphic/gbsnu/gbsnu59.pfb><C:/CTEX/MiKTeX/font
s/type1/arphic/gbsnu/gbsnu5b.pfb><C:/CTEX/MiKTeX/fonts/type1/arphic/gbsnu/gbsnu
5c.pfb><C:/CTEX/MiKTeX/fonts/type1/arphic/gbsnu/gbsnu5d.pfb><C:/CTEX/MiKTeX/fon
ts/type1/arphic/gbsnu/gbsnu5e.pfb><C:/CTEX/MiKTeX/fonts/type1/arphic/gbsnu/gbsn
u5f.pfb><C:/CTEX/MiKTeX/fonts/type1/arphic/gbsnu/gbsnu60.pfb><C:/CTEX/MiKTeX/fo
nts/type1/arphic/gbsnu/gbsnu61.pfb><C:/CTEX/MiKTeX/fonts/type1/arphic/gbsnu/gbs
nu62.pfb><C:/CTEX/MiKTeX/fonts/type1/arphic/gbsnu/gbsnu63.pfb><C:/CTEX/MiKTeX/f
onts/type1/arphic/gbsnu/gbsnu65.pfb><C:/CTEX/MiKTeX/fonts/type1/arphic/gbsnu/gb
snu66.pfb><C:/CTEX/MiKTeX/fonts/type1/arphic/gbsnu/gbsnu67.pfb><C:/CTEX/MiKTeX/
fonts/type1/arphic/gbsnu/gbsnu68.pfb><C:/CTEX/MiKTeX/fonts/type1/arphic/gbsnu/g
bsnu69.pfb><C:/CTEX/MiKTeX/fonts/type1/arphic/gbsnu/gbsnu6b.pfb><C:/CTEX/MiKTeX
/fonts/type1/arphic/gbsnu/gbsnu6c.pfb><C:/CTEX/MiKTeX/fonts/type1/arphic/gbsnu/
gbsnu6d.pfb><C:/CTEX/MiKTeX/fonts/type1/arphic/gbsnu/gbsnu6e.pfb><C:/CTEX/MiKTe
X/fonts/type1/arphic/gbsnu/gbsnu71.pfb><C:/CTEX/MiKTeX/fonts/type1/arphic/gbsnu
/gbsnu72.pfb><C:/CTEX/MiKTeX/fonts/type1/arphic/gbsnu/gbsnu73.pfb><C:/CTEX/MiKT
eX/fonts/type1/arphic/gbsnu/gbsnu74.pfb><C:/CTEX/MiKTeX/fonts/type1/arphic/gbsn
u/gbsnu75.pfb><C:/CTEX/MiKTeX/fonts/type1/arphic/gbsnu/gbsnu76.pfb><C:/CTEX/MiK
TeX/fonts/type1/arphic/gbsnu/gbsnu79.pfb><C:/CTEX/MiKTeX/fonts/type1/arphic/gbs
nu/gbsnu7a.pfb><C:/CTEX/MiKTeX/fonts/type1/arphic/gbsnu/gbsnu7b.pfb><C:/CTEX/Mi
KTeX/fonts/type1/arphic/gbsnu/gbsnu7c.pfb><C:/CTEX/MiKTeX/fonts/type1/arphic/gb
snu/gbsnu7d.pfb><C:/CTEX/MiKTeX/fonts/type1/arphic/gbsnu/gbsnu7e.pfb><C:/CTEX/M
iKTeX/fonts/type1/arphic/gbsnu/gbsnu7f.pfb><C:/CTEX/MiKTeX/fonts/type1/arphic/g
bsnu/gbsnu80.pfb><C:/CTEX/MiKTeX/fonts/type1/arphic/gbsnu/gbsnu82.pfb><C:/CTEX/
MiKTeX/fonts/type1/arphic/gbsnu/gbsnu83.pfb><C:/CTEX/MiKTeX/fonts/type1/arphic/
gbsnu/gbsnu89.pfb><C:/CTEX/MiKTeX/fonts/type1/arphic/gbsnu/gbsnu8a.pfb><C:/CTEX
/MiKTeX/fonts/type1/arphic/gbsnu/gbsnu8b.pfb><C:/CTEX/MiKTeX/fonts/type1/arphic
/gbsnu/gbsnu8d.pfb><C:/CTEX/MiKTeX/fonts/type1/arphic/gbsnu/gbsnu8e.pfb><C:/CTE
X/MiKTeX/fonts/type1/arphic/gbsnu/gbsnu8f.pfb><C:/CTEX/MiKTeX/fonts/type1/arphi
c/gbsnu/gbsnu90.pfb><C:/CTEX/MiKTeX/fonts/type1/arphic/gbsnu/gbsnu91.pfb><C:/CT
EX/MiKTeX/fonts/type1/arphic/gbsnu/gbsnu94.pfb><C:/CTEX/MiKTeX/fonts/type1/arph
ic/gbsnu/gbsnu96.pfb><C:/CTEX/MiKTeX/fonts/type1/arphic/gbsnu/gbsnu97.pfb><C:/C
TEX/MiKTeX/fonts/type1/arphic/gbsnu/gbsnu98.pfb><C:/CTEX/MiKTeX/fonts/type1/arp
hic/gbsnu/gbsnu9e.pfb><C:/CTEX/MiKTeX/fonts/type1/arphic/gbsnu/gbsnuff.pfb><C:/
CTEX/MiKTeX/fonts/type1/urw/palatino/uplb8a.pfb><C:/CTEX/MiKTeX/fonts/type1/urw
/palatino/uplr8a.pfb><C:/CTEX/MiKTeX/fonts/type1/urw/palatino/uplri8a.pfb>
Output written on CV_chn.pdf (1 page, 277955 bytes).
PDF statistics:
 267 PDF objects out of 1000 (max. 8388607)
 2 named destinations out of 1000 (max. 500000)
 1 words of extra memory for PDF output out of 10000 (max. 10000000)

